Determining if the pthread_create exist failed with the following output:
Change Dir: /home/hanc/code/bi_cam/cmake-build-debug/CMakeFiles/CMakeTmp

Run Build Command:"/usr/bin/make" "cmTC_09243/fast"
/usr/bin/make -f CMakeFiles/cmTC_09243.dir/build.make CMakeFiles/cmTC_09243.dir/build
make[1]: Entering directory '/home/hanc/code/bi_cam/cmake-build-debug/CMakeFiles/CMakeTmp'
Building C object CMakeFiles/cmTC_09243.dir/CheckSymbolExists.c.o
/usr/bin/cc     -o CMakeFiles/cmTC_09243.dir/CheckSymbolExists.c.o   -c /home/hanc/code/bi_cam/cmake-build-debug/CMakeFiles/CMakeTmp/CheckSymbolExists.c
Linking C executable cmTC_09243
/usr/bin/cmake -E cmake_link_script CMakeFiles/cmTC_09243.dir/link.txt --verbose=1
/usr/bin/cc       CMakeFiles/cmTC_09243.dir/CheckSymbolExists.c.o  -o cmTC_09243 
CMakeFiles/cmTC_09243.dir/CheckSymbolExists.c.o: In function `main':
CheckSymbolExists.c:(.text+0x16): undefined reference to `pthread_create'
collect2: error: ld returned 1 exit status
CMakeFiles/cmTC_09243.dir/build.make:97: recipe for target 'cmTC_09243' failed
make[1]: *** [cmTC_09243] Error 1
make[1]: Leaving directory '/home/hanc/code/bi_cam/cmake-build-debug/CMakeFiles/CMakeTmp'
Makefile:126: recipe for target 'cmTC_09243/fast' failed
make: *** [cmTC_09243/fast] Error 2

File /home/hanc/code/bi_cam/cmake-build-debug/CMakeFiles/CMakeTmp/CheckSymbolExists.c:
/* */
#include <pthread.h>

int main(int argc, char** argv)
{
  (void)argv;
#ifndef pthread_create
  return ((int*)(&pthread_create))[argc];
#else
  (void)argc;
  return 0;
#endif
}

Determining if the function pthread_create exists in the pthreads failed with the following output:
Change Dir: /home/hanc/code/bi_cam/cmake-build-debug/CMakeFiles/CMakeTmp

Run Build Command:"/usr/bin/make" "cmTC_20a3c/fast"
/usr/bin/make -f CMakeFiles/cmTC_20a3c.dir/build.make CMakeFiles/cmTC_20a3c.dir/build
make[1]: Entering directory '/home/hanc/code/bi_cam/cmake-build-debug/CMakeFiles/CMakeTmp'
Building C object CMakeFiles/cmTC_20a3c.dir/CheckFunctionExists.c.o
/usr/bin/cc    -DCHECK_FUNCTION_EXISTS=pthread_create   -o CMakeFiles/cmTC_20a3c.dir/CheckFunctionExists.c.o   -c /usr/share/cmake-3.5/Modules/CheckFunctionExists.c
Linking C executable cmTC_20a3c
/usr/bin/cmake -E cmake_link_script CMakeFiles/cmTC_20a3c.dir/link.txt --verbose=1
/usr/bin/cc   -DCHECK_FUNCTION_EXISTS=pthread_create    CMakeFiles/cmTC_20a3c.dir/CheckFunctionExists.c.o  -o cmTC_20a3c -lpthreads 
/usr/bin/ld: cannot find -lpthreads
collect2: error: ld returned 1 exit status
CMakeFiles/cmTC_20a3c.dir/build.make:97: recipe for target 'cmTC_20a3c' failed
make[1]: *** [cmTC_20a3c] Error 1
make[1]: Leaving directory '/home/hanc/code/bi_cam/cmake-build-debug/CMakeFiles/CMakeTmp'
Makefile:126: recipe for target 'cmTC_20a3c/fast' failed
make: *** [cmTC_20a3c/fast] Error 2


